********************************************************************************
DUPLICATOR-LITE PACKAGE-LOG: March 14, 2019 9:28 am
NOTICE: Do NOT post to public sites or forums 
********************************************************************************
VERSION:	1.3.8
WORDPRESS:	5.0.4
PHP INFO:	7.3.2 | SAPI: apache2handler
SERVER:		Apache/2.4.38 (Unix) OpenSSL/1.0.2q PHP/7.3.2 mod_perl/2.0.8-dev Perl/v5.16.3 
PHP TIME LIMIT: (0) no time limit imposed 
PHP MAX MEMORY: 4294967296 (128M default) 
MEMORY STACK: 4.5MB 

********************************************************************************
DATABASE:
********************************************************************************
BUILD MODE:   PHP(query limit - 100)
MYSQLTIMEOUT: 5000
MYSQLDUMP:    Not Supported 
TABLES: total:15 | filtered:0 | create:15 
FILTERED: [] 
SQL CREATED: 20190314_supercompany_6aeb2806b1408a185505_20190314092805_database.sql 
SQL FILE SIZE: 1.54MB (1617226) 
SQL FILE TIME: 2019-03-14 09:28:13 
SQL RUNTIME: 1.17 sec. 

******************************************************************************** 
ARCHIVE (ZIP): 
******************************************************************************** 
ARCHIVE DIR:  /opt/lampp/htdocs/task 
ARCHIVE FILE: 20190314_supercompany_6aeb2806b1408a185505_20190314092805_archive.zip 
FILTERS: *ON* 
DIRS:
	/opt/lampp/htdocs/task/wp-content/themes/starter/node_modules 
FILES:
	not set 
EXTS:  not set 
---------------------------------------- 
COMPRESSING 
SIZE:	98.73MB 
STATS:	Dirs 552 | Files 3,693 
SQL ADDED: 20190314_supercompany_6aeb2806b1408a185505_20190314092805_database.sql 
ZipArchive Object
(
    [status] => 0
    [statusSys] => 0
    [numFiles] => 4245
    [filename] => /opt/lampp/htdocs/task/wp-snapshots/tmp/20190314_supercompany_6aeb2806b1408a185505_20190314092805_archive.zip
    [comment] => 
)
 
FILE ADDED TO ZIP: 4244 
COMPRESSION RESULT: '1' 
COMPRESSED SIZE: 39.08MB 
ARCHIVE RUNTIME: 23.70 sec. 
MEMORY STACK: 6.5MB 
building installer 
add_extra_files1 
add_extra_files2 
add_extra_files3 
add_extra_files4 
Doing archive file check 
add_extra_files5 
add_extra_files6 
add_extra_files8 
Successfully opened zip /opt/lampp/htdocs/task/wp-snapshots/tmp/20190314_supercompany_6aeb2806b1408a185505_20190314092805_archive.zip 
Adding enhanced installer files to archive using ZipArchive 
Installer files added to archive 
Added to archive 
After ziparchive close when adding installer 

******************************************************************************** 
INTEGRITY CHECKS: 
******************************************************************************** 
SQL FILE: 1.54MB 
INSTALLER FILE: 44.54KB 
ARCHIVE FILE: 39.93MB  
EXPECTED FILE/DIRECTORY COUNT: 4,245 
ACTUAL FILE/DIRECTORY COUNT: 4,244 
ARCHIVE CONSISTENCY TEST: Pass 

********************************************************************************
RECORD ID:[1]
TOTAL PROCESS RUNTIME: 25.89 sec.
PEAK PHP MEMORY USED: 6.5MB
DONE PROCESSING => 20190314_supercompany March 14, 2019 9:28 am
 
